#-----------------------------------------------------------
# Vivado v2018.3 (64-bit)
# SW Build 2405991 on Thu Dec  6 23:38:27 MST 2018
# IP Build 2404404 on Fri Dec  7 01:43:56 MST 2018
# Start of session at: Tue Jun 25 16:04:53 2019
# Process ID: 24664
# Current directory: F:/Thesis_FPGA/Vivado_WorkSpace/pred_ctrl_sep_array_sep_burst_V02/pred_ctrl_sep_array_sep_burst_V02/pipe_line/impl/ip
# Command line: vivado.exe -notrace -mode batch -source run_ippack.tcl
# Log file: F:/Thesis_FPGA/Vivado_WorkSpace/pred_ctrl_sep_array_sep_burst_V02/pred_ctrl_sep_array_sep_burst_V02/pipe_line/impl/ip/vivado.log
# Journal file: F:/Thesis_FPGA/Vivado_WorkSpace/pred_ctrl_sep_array_sep_burst_V02/pred_ctrl_sep_array_sep_burst_V02/pipe_line/impl/ip\vivado.jou
#-----------------------------------------------------------
source run_ippack.tcl -notrace
INFO: [ProjectBase 1-489] The host OS only allows 260 characters in a normal path. The project is stored in a path with more than 80 characters. If you experience issues with IP, Block Designs, or files not being found, please consider moving the project to a location with a shorter path. Alternately consider using the OS subst command to map part of the path to a drive letter.
Current project path is 'F:/Thesis_FPGA/Vivado_WorkSpace/pred_ctrl_sep_array_sep_burst_V02/pred_ctrl_sep_array_sep_burst_V02/pipe_line/impl/ip'
INFO: [IP_Flow 19-234] Refreshing IP repositories
INFO: [IP_Flow 19-1704] No user IP repositories specified
INFO: [IP_Flow 19-2313] Loaded Vivado IP repository 'D:/Vivado_2018.3/Vivado/2018.3/data/ip'.
WARNING: [IP_Flow 19-4832] The IP name 'predictive_controller_ap_dadd_3_full_dsp_64' you have specified is long. The Windows operating system has path length limitations. It is recommended you use shorter names to reduce the likelihood of issues.
INFO: [IP_Flow 19-1686] Generating 'Synthesis' target for IP 'predictive_controller_ap_dadd_3_full_dsp_64'...
INFO: [IP_Flow 19-1686] Generating 'Simulation' target for IP 'predictive_controller_ap_dadd_3_full_dsp_64'...
WARNING: [IP_Flow 19-4832] The IP name 'predictive_controller_ap_dcmp_0_no_dsp_64' you have specified is long. The Windows operating system has path length limitations. It is recommended you use shorter names to reduce the likelihood of issues.
INFO: [IP_Flow 19-1686] Generating 'Synthesis' target for IP 'predictive_controller_ap_dcmp_0_no_dsp_64'...
INFO: [IP_Flow 19-1686] Generating 'Simulation' target for IP 'predictive_controller_ap_dcmp_0_no_dsp_64'...
WARNING: [IP_Flow 19-4832] The IP name 'predictive_controller_ap_dmul_3_max_dsp_64' you have specified is long. The Windows operating system has path length limitations. It is recommended you use shorter names to reduce the likelihood of issues.
INFO: [IP_Flow 19-1686] Generating 'Synthesis' target for IP 'predictive_controller_ap_dmul_3_max_dsp_64'...
INFO: [IP_Flow 19-1686] Generating 'Simulation' target for IP 'predictive_controller_ap_dmul_3_max_dsp_64'...
WARNING: [IP_Flow 19-4832] The IP name 'predictive_controller_ap_dsub_3_full_dsp_64' you have specified is long. The Windows operating system has path length limitations. It is recommended you use shorter names to reduce the likelihood of issues.
INFO: [IP_Flow 19-1686] Generating 'Synthesis' target for IP 'predictive_controller_ap_dsub_3_full_dsp_64'...
INFO: [IP_Flow 19-1686] Generating 'Simulation' target for IP 'predictive_controller_ap_dsub_3_full_dsp_64'...
WARNING: [IP_Flow 19-4832] The IP name 'predictive_controller_ap_fadd_2_full_dsp_32' you have specified is long. The Windows operating system has path length limitations. It is recommended you use shorter names to reduce the likelihood of issues.
INFO: [IP_Flow 19-1686] Generating 'Synthesis' target for IP 'predictive_controller_ap_fadd_2_full_dsp_32'...
INFO: [IP_Flow 19-1686] Generating 'Simulation' target for IP 'predictive_controller_ap_fadd_2_full_dsp_32'...
WARNING: [IP_Flow 19-4832] The IP name 'predictive_controller_ap_faddfsub_2_full_dsp_32' you have specified is long. The Windows operating system has path length limitations. It is recommended you use shorter names to reduce the likelihood of issues.
INFO: [IP_Flow 19-1686] Generating 'Synthesis' target for IP 'predictive_controller_ap_faddfsub_2_full_dsp_32'...
INFO: [IP_Flow 19-1686] Generating 'Simulation' target for IP 'predictive_controller_ap_faddfsub_2_full_dsp_32'...
WARNING: [IP_Flow 19-4832] The IP name 'predictive_controller_ap_fcmp_0_no_dsp_32' you have specified is long. The Windows operating system has path length limitations. It is recommended you use shorter names to reduce the likelihood of issues.
INFO: [IP_Flow 19-1686] Generating 'Synthesis' target for IP 'predictive_controller_ap_fcmp_0_no_dsp_32'...
INFO: [IP_Flow 19-1686] Generating 'Simulation' target for IP 'predictive_controller_ap_fcmp_0_no_dsp_32'...
WARNING: [IP_Flow 19-4832] The IP name 'predictive_controller_ap_fmul_0_max_dsp_32' you have specified is long. The Windows operating system has path length limitations. It is recommended you use shorter names to reduce the likelihood of issues.
INFO: [IP_Flow 19-1686] Generating 'Synthesis' target for IP 'predictive_controller_ap_fmul_0_max_dsp_32'...
INFO: [IP_Flow 19-1686] Generating 'Simulation' target for IP 'predictive_controller_ap_fmul_0_max_dsp_32'...
WARNING: [IP_Flow 19-4832] The IP name 'predictive_controller_ap_fpext_0_no_dsp_32' you have specified is long. The Windows operating system has path length limitations. It is recommended you use shorter names to reduce the likelihood of issues.
INFO: [IP_Flow 19-1686] Generating 'Synthesis' target for IP 'predictive_controller_ap_fpext_0_no_dsp_32'...
INFO: [IP_Flow 19-1686] Generating 'Simulation' target for IP 'predictive_controller_ap_fpext_0_no_dsp_32'...
WARNING: [IP_Flow 19-4832] The IP name 'predictive_controller_ap_fptrunc_0_no_dsp_64' you have specified is long. The Windows operating system has path length limitations. It is recommended you use shorter names to reduce the likelihood of issues.
INFO: [IP_Flow 19-1686] Generating 'Synthesis' target for IP 'predictive_controller_ap_fptrunc_0_no_dsp_64'...
INFO: [IP_Flow 19-1686] Generating 'Simulation' target for IP 'predictive_controller_ap_fptrunc_0_no_dsp_64'...
WARNING: [IP_Flow 19-4832] The IP name 'predictive_controller_ap_fsub_2_full_dsp_32' you have specified is long. The Windows operating system has path length limitations. It is recommended you use shorter names to reduce the likelihood of issues.
INFO: [IP_Flow 19-1686] Generating 'Synthesis' target for IP 'predictive_controller_ap_fsub_2_full_dsp_32'...
INFO: [IP_Flow 19-1686] Generating 'Simulation' target for IP 'predictive_controller_ap_fsub_2_full_dsp_32'...
WARNING: [IP_Flow 19-4832] The IP name 'predictive_controller_ap_sitofp_1_no_dsp_32' you have specified is long. The Windows operating system has path length limitations. It is recommended you use shorter names to reduce the likelihood of issues.
INFO: [IP_Flow 19-1686] Generating 'Synthesis' target for IP 'predictive_controller_ap_sitofp_1_no_dsp_32'...
INFO: [IP_Flow 19-1686] Generating 'Simulation' target for IP 'predictive_controller_ap_sitofp_1_no_dsp_32'...
INFO: [IP_Flow 19-234] Refreshing IP repositories
INFO: [IP_Flow 19-1704] No user IP repositories specified
INFO: [IP_Flow 19-2313] Loaded Vivado IP repository 'D:/Vivado_2018.3/Vivado/2018.3/data/ip'.
INFO: [Common 17-206] Exiting Vivado at Tue Jun 25 16:05:38 2019...
