

================================================================
== Vivado HLS Report for 'guess_babay'
================================================================
* Date:           Thu Jun 20 17:35:48 2019

* Version:        2018.3 (Build 2405991 on Thu Dec 06 23:56:15 MST 2018)
* Project:        pred_ctrl_sep_array_sep_burst_V02
* Solution:       solution1
* Product family: zynquplus
* Target device:  xczu7ev-ffvc1156-2-e


================================================================
== Performance Estimates
================================================================
+ Timing (ns): 
    * Summary: 
    +--------+-------+----------+------------+
    |  Clock | Target| Estimated| Uncertainty|
    +--------+-------+----------+------------+
    |ap_clk  |  10.00|     8.419|        1.25|
    +--------+-------+----------+------------+

+ Latency (clock cycles): 
    * Summary: 
    +------+------+------+------+---------+
    |   Latency   |   Interval  | Pipeline|
    |  min |  max |  min |  max |   Type  |
    +------+------+------+------+---------+
    |  2570|  2570|  2570|  2570|   none  |
    +------+------+------+------+---------+

    + Detail: 
        * Instance: 
        N/A

        * Loop: 
        +--------------------+------+------+----------+-----------+-----------+------+----------+
        |                    |   Latency   | Iteration|  Initiation Interval  | Trip |          |
        |      Loop Name     |  min |  max |  Latency |  achieved |   target  | Count| Pipelined|
        +--------------------+------+------+----------+-----------+-----------+------+----------+
        |- U_babay_cal_row   |  1176|  1176|        98|          -|          -|    12|    no    |
        | + U_babay_cal_col  |    96|    96|         8|          -|          -|    12|    no    |
        |- roh_babay_row     |  1392|  1392|       116|          -|          -|    12|    no    |
        | + roh_babay_col    |   104|   104|         8|          -|          -|    13|    no    |
        +--------------------+------+------+----------+-----------+-----------+------+----------+

============================================================
+ Verbose Summary: Synthesis Manager
============================================================
InlineROM: 1
ExposeGlobal: 0
============================================================
+ Verbose Summary: CDFG Model
============================================================
IsTopModel: 0
ResetActiveHigh: 1
IsCombinational: 0
IsDatapathOnly: 0
HasWiredReturn: 1
HasMFsm: 0
HasVarLatency: 1
IsPipeline: 0
IsRtlPipelined: 0
IsInstanceOverlapped: 0
IsDontTouch: 0
HasImplIP: 0
IsGatedGlobalClock: 0


============================================================
+ Verbose Summary: Schedule
============================================================
* Number of FSM states : 29
* Pipeline : 0
* Dataflow Pipeline: 0

* FSM state transitions: 
1 --> 
	2  / true
2 --> 
	3  / (!exitcond3)
	11  / (exitcond3)
3 --> 
	4  / (!exitcond2)
	2  / (exitcond2)
4 --> 
	5  / true
5 --> 
	6  / true
6 --> 
	7  / true
7 --> 
	8  / true
8 --> 
	9  / true
9 --> 
	10  / true
10 --> 
	3  / true
11 --> 
	12  / (!exitcond1)
12 --> 
	13  / (!exitcond)
	20  / (exitcond)
13 --> 
	14  / true
14 --> 
	15  / true
15 --> 
	16  / true
16 --> 
	17  / true
17 --> 
	18  / true
18 --> 
	19  / true
19 --> 
	12  / true
20 --> 
	21  / true
21 --> 
	22  / true
22 --> 
	23  / true
23 --> 
	24  / true
24 --> 
	25  / true
25 --> 
	26  / true
26 --> 
	27  / true
27 --> 
	28  / true
28 --> 
	29  / true
29 --> 
	11  / true

* FSM state operations: 

State 1 <SV = 0> <Delay = 0.65>
ST_1 : Operation 30 [1/1] (0.00ns)   --->   "%U_babay = alloca [12 x float], align 16" [guess_babay.cpp:11]   --->   Operation 30 'alloca' 'U_babay' <Predicate = true> <Delay = 0.00> <Core = "RAM">   --->   Core 37 'RAM' <Latency = 1> <II = 1> <Delay = 0.67> <Storage> <Opcode : 'load' 'store'> <Ports = 2> <Width = 32> <Depth = 12> <RAM>
ST_1 : Operation 31 [1/1] (0.65ns)   --->   "br label %1" [guess_babay.cpp:15]   --->   Operation 31 'br' <Predicate = true> <Delay = 0.65>

State 2 <SV = 1> <Delay = 0.79>
ST_2 : Operation 32 [1/1] (0.00ns)   --->   "%row = phi i4 [ 0, %0 ], [ %row_15, %12 ]"   --->   Operation 32 'phi' 'row' <Predicate = true> <Delay = 0.00>
ST_2 : Operation 33 [1/1] (0.72ns)   --->   "%exitcond3 = icmp eq i4 %row, -4" [guess_babay.cpp:15]   --->   Operation 33 'icmp' 'exitcond3' <Predicate = true> <Delay = 0.72> <Core = "Cmp">   --->   Core 25 'Cmp' <Latency = 0> <II = 1> <Delay = 0.72> <FuncUnit> <Opcode : 'icmp'> <InPorts = 2> <OutPorts = 1>
ST_2 : Operation 34 [1/1] (0.00ns)   --->   "%empty = call i32 (...)* @_ssdm_op_SpecLoopTripCount(i64 12, i64 12, i64 12)"   --->   Operation 34 'speclooptripcount' 'empty' <Predicate = true> <Delay = 0.00>
ST_2 : Operation 35 [1/1] (0.79ns)   --->   "%row_15 = add i4 %row, 1" [guess_babay.cpp:15]   --->   Operation 35 'add' 'row_15' <Predicate = true> <Delay = 0.79> <Core = "AddSub">   --->   Core 14 'AddSub' <Latency = 0> <II = 1> <Delay = 0.77> <FuncUnit> <Opcode : 'add' 'sub'> <InPorts = 2> <OutPorts = 1>
ST_2 : Operation 36 [1/1] (0.00ns)   --->   "br i1 %exitcond3, label %.preheader.preheader, label %2" [guess_babay.cpp:15]   --->   Operation 36 'br' <Predicate = true> <Delay = 0.00>
ST_2 : Operation 37 [1/1] (0.00ns)   --->   "call void (...)* @_ssdm_op_SpecLoopName([16 x i8]* @p_str32) nounwind" [guess_babay.cpp:16]   --->   Operation 37 'specloopname' <Predicate = (!exitcond3)> <Delay = 0.00>
ST_2 : Operation 38 [1/1] (0.00ns)   --->   "%tmp_84 = call i32 (...)* @_ssdm_op_SpecRegionBegin([16 x i8]* @p_str32)" [guess_babay.cpp:16]   --->   Operation 38 'specregionbegin' 'tmp_84' <Predicate = (!exitcond3)> <Delay = 0.00>
ST_2 : Operation 39 [1/1] (0.00ns)   --->   "%tmp = zext i4 %row to i64" [guess_babay.cpp:17]   --->   Operation 39 'zext' 'tmp' <Predicate = (!exitcond3)> <Delay = 0.00>
ST_2 : Operation 40 [1/1] (0.00ns)   --->   "%U_babay_addr = getelementptr inbounds [12 x float]* %U_babay, i64 0, i64 %tmp" [guess_babay.cpp:17]   --->   Operation 40 'getelementptr' 'U_babay_addr' <Predicate = (!exitcond3)> <Delay = 0.00>
ST_2 : Operation 41 [1/1] (0.67ns)   --->   "store float 0.000000e+00, float* %U_babay_addr, align 4" [guess_babay.cpp:17]   --->   Operation 41 'store' <Predicate = (!exitcond3)> <Delay = 0.67> <Core = "RAM">   --->   Core 37 'RAM' <Latency = 1> <II = 1> <Delay = 0.67> <Storage> <Opcode : 'load' 'store'> <Ports = 2> <Width = 32> <Depth = 12> <RAM>
ST_2 : Operation 42 [1/1] (0.00ns)   --->   "%p_shl = call i8 @_ssdm_op_BitConcatenate.i8.i4.i4(i4 %row, i4 0)" [guess_babay.cpp:22]   --->   Operation 42 'bitconcatenate' 'p_shl' <Predicate = (!exitcond3)> <Delay = 0.00>
ST_2 : Operation 43 [1/1] (0.00ns)   --->   "%p_shl_cast = zext i8 %p_shl to i9" [guess_babay.cpp:22]   --->   Operation 43 'zext' 'p_shl_cast' <Predicate = (!exitcond3)> <Delay = 0.00>
ST_2 : Operation 44 [1/1] (0.00ns)   --->   "%p_shl6 = call i6 @_ssdm_op_BitConcatenate.i6.i4.i2(i4 %row, i2 0)" [guess_babay.cpp:22]   --->   Operation 44 'bitconcatenate' 'p_shl6' <Predicate = (!exitcond3)> <Delay = 0.00>
ST_2 : Operation 45 [1/1] (0.00ns)   --->   "%p_shl6_cast = zext i6 %p_shl6 to i9" [guess_babay.cpp:22]   --->   Operation 45 'zext' 'p_shl6_cast' <Predicate = (!exitcond3)> <Delay = 0.00>
ST_2 : Operation 46 [1/1] (0.76ns)   --->   "%tmp_s = sub i9 %p_shl_cast, %p_shl6_cast" [guess_babay.cpp:22]   --->   Operation 46 'sub' 'tmp_s' <Predicate = (!exitcond3)> <Delay = 0.76> <Core = "AddSub">   --->   Core 14 'AddSub' <Latency = 0> <II = 1> <Delay = 0.77> <FuncUnit> <Opcode : 'add' 'sub'> <InPorts = 2> <OutPorts = 1>
ST_2 : Operation 47 [1/1] (0.65ns)   --->   "br label %3" [guess_babay.cpp:20]   --->   Operation 47 'br' <Predicate = (!exitcond3)> <Delay = 0.65>
ST_2 : Operation 48 [1/1] (0.65ns)   --->   "br label %.preheader" [guess_babay.cpp:48]   --->   Operation 48 'br' <Predicate = (exitcond3)> <Delay = 0.65>

State 3 <SV = 2> <Delay = 3.76>
ST_3 : Operation 49 [1/1] (0.00ns)   --->   "%tmp_83 = phi float [ 0.000000e+00, %2 ], [ %tmp_90, %4 ]" [guess_babay.cpp:22]   --->   Operation 49 'phi' 'tmp_83' <Predicate = true> <Delay = 0.00>
ST_3 : Operation 50 [1/1] (0.00ns)   --->   "%col = phi i4 [ 0, %2 ], [ %col_5, %4 ]"   --->   Operation 50 'phi' 'col' <Predicate = true> <Delay = 0.00>
ST_3 : Operation 51 [1/1] (0.00ns)   --->   "%col_cast7 = zext i4 %col to i9" [guess_babay.cpp:20]   --->   Operation 51 'zext' 'col_cast7' <Predicate = true> <Delay = 0.00>
ST_3 : Operation 52 [1/1] (0.72ns)   --->   "%exitcond2 = icmp eq i4 %col, -4" [guess_babay.cpp:20]   --->   Operation 52 'icmp' 'exitcond2' <Predicate = true> <Delay = 0.72> <Core = "Cmp">   --->   Core 25 'Cmp' <Latency = 0> <II = 1> <Delay = 0.72> <FuncUnit> <Opcode : 'icmp'> <InPorts = 2> <OutPorts = 1>
ST_3 : Operation 53 [1/1] (0.00ns)   --->   "%empty_49 = call i32 (...)* @_ssdm_op_SpecLoopTripCount(i64 12, i64 12, i64 12)"   --->   Operation 53 'speclooptripcount' 'empty_49' <Predicate = true> <Delay = 0.00>
ST_3 : Operation 54 [1/1] (0.79ns)   --->   "%col_5 = add i4 %col, 1" [guess_babay.cpp:20]   --->   Operation 54 'add' 'col_5' <Predicate = true> <Delay = 0.79> <Core = "AddSub">   --->   Core 14 'AddSub' <Latency = 0> <II = 1> <Delay = 0.77> <FuncUnit> <Opcode : 'add' 'sub'> <InPorts = 2> <OutPorts = 1>
ST_3 : Operation 55 [1/1] (0.00ns)   --->   "br i1 %exitcond2, label %5, label %4" [guess_babay.cpp:20]   --->   Operation 55 'br' <Predicate = true> <Delay = 0.00>
ST_3 : Operation 56 [1/1] (0.77ns)   --->   "%tmp_85 = add i9 %col_cast7, %tmp_s" [guess_babay.cpp:22]   --->   Operation 56 'add' 'tmp_85' <Predicate = (!exitcond2)> <Delay = 0.77> <Core = "AddSub">   --->   Core 14 'AddSub' <Latency = 0> <II = 1> <Delay = 0.77> <FuncUnit> <Opcode : 'add' 'sub'> <InPorts = 2> <OutPorts = 1>
ST_3 : Operation 57 [1/1] (0.00ns)   --->   "%tmp_85_cast = sext i9 %tmp_85 to i32" [guess_babay.cpp:22]   --->   Operation 57 'sext' 'tmp_85_cast' <Predicate = (!exitcond2)> <Delay = 0.00>
ST_3 : Operation 58 [1/1] (0.00ns)   --->   "%tmp_86 = zext i32 %tmp_85_cast to i64" [guess_babay.cpp:22]   --->   Operation 58 'zext' 'tmp_86' <Predicate = (!exitcond2)> <Delay = 0.00>
ST_3 : Operation 59 [1/1] (0.00ns)   --->   "%H_Hat_Inv_a_addr = getelementptr [144 x float]* %H_Hat_Inv_a, i64 0, i64 %tmp_86" [guess_babay.cpp:22]   --->   Operation 59 'getelementptr' 'H_Hat_Inv_a_addr' <Predicate = (!exitcond2)> <Delay = 0.00>
ST_3 : Operation 60 [2/2] (1.23ns)   --->   "%H_Hat_Inv_a_load = load float* %H_Hat_Inv_a_addr, align 4" [guess_babay.cpp:22]   --->   Operation 60 'load' 'H_Hat_Inv_a_load' <Predicate = (!exitcond2)> <Delay = 1.23> <Core = "RAM">   --->   Core 37 'RAM' <Latency = 1> <II = 1> <Delay = 0.67> <Storage> <Opcode : 'load' 'store'> <Ports = 2> <Width = 32> <Depth = 12> <RAM>
ST_3 : Operation 61 [1/1] (0.00ns)   --->   "%tmp_88 = zext i4 %col to i64" [guess_babay.cpp:22]   --->   Operation 61 'zext' 'tmp_88' <Predicate = (!exitcond2)> <Delay = 0.00>
ST_3 : Operation 62 [1/1] (0.00ns)   --->   "%theta_kk_addr = getelementptr [12 x float]* %theta_kk, i64 0, i64 %tmp_88" [guess_babay.cpp:22]   --->   Operation 62 'getelementptr' 'theta_kk_addr' <Predicate = (!exitcond2)> <Delay = 0.00>
ST_3 : Operation 63 [2/2] (0.67ns)   --->   "%theta_kk_load = load float* %theta_kk_addr, align 4" [guess_babay.cpp:22]   --->   Operation 63 'load' 'theta_kk_load' <Predicate = (!exitcond2)> <Delay = 0.67> <Core = "RAM">   --->   Core 37 'RAM' <Latency = 1> <II = 1> <Delay = 0.67> <Storage> <Opcode : 'load' 'store'> <Ports = 2> <Width = 32> <Depth = 12> <RAM>
ST_3 : Operation 64 [1/1] (0.00ns)   --->   "%tmp_83_to_int = bitcast float %tmp_83 to i32" [guess_babay.cpp:29]   --->   Operation 64 'bitcast' 'tmp_83_to_int' <Predicate = (exitcond2)> <Delay = 0.00>
ST_3 : Operation 65 [1/1] (0.00ns)   --->   "%tmp_99 = call i8 @_ssdm_op_PartSelect.i8.i32.i32.i32(i32 %tmp_83_to_int, i32 23, i32 30)" [guess_babay.cpp:29]   --->   Operation 65 'partselect' 'tmp_99' <Predicate = (exitcond2)> <Delay = 0.00>
ST_3 : Operation 66 [1/1] (0.00ns)   --->   "%tmp_100 = trunc i32 %tmp_83_to_int to i23" [guess_babay.cpp:29]   --->   Operation 66 'trunc' 'tmp_100' <Predicate = (exitcond2)> <Delay = 0.00>
ST_3 : Operation 67 [1/1] (0.84ns)   --->   "%notlhs = icmp ne i8 %tmp_99, -1" [guess_babay.cpp:29]   --->   Operation 67 'icmp' 'notlhs' <Predicate = (exitcond2)> <Delay = 0.84> <Core = "Cmp">   --->   Core 25 'Cmp' <Latency = 0> <II = 1> <Delay = 0.72> <FuncUnit> <Opcode : 'icmp'> <InPorts = 2> <OutPorts = 1>
ST_3 : Operation 68 [1/1] (1.05ns)   --->   "%notrhs = icmp eq i23 %tmp_100, 0" [guess_babay.cpp:29]   --->   Operation 68 'icmp' 'notrhs' <Predicate = (exitcond2)> <Delay = 1.05> <Core = "Cmp">   --->   Core 25 'Cmp' <Latency = 0> <II = 1> <Delay = 0.72> <FuncUnit> <Opcode : 'icmp'> <InPorts = 2> <OutPorts = 1>
ST_3 : Operation 69 [1/1] (0.28ns)   --->   "%tmp_101 = or i1 %notrhs, %notlhs" [guess_babay.cpp:29]   --->   Operation 69 'or' 'tmp_101' <Predicate = (exitcond2)> <Delay = 0.28> <Core = "LogicGate">   --->   Core 27 'LogicGate' <Latency = 0> <II = 1> <Delay = 0.28> <FuncUnit> <Opcode : 'and' 'or' 'xor'> <InPorts = 2> <OutPorts = 1>
ST_3 : Operation 70 [1/1] (3.47ns)   --->   "%tmp_102 = fcmp oge float %tmp_83, 5.000000e-01" [guess_babay.cpp:29]   --->   Operation 70 'fcmp' 'tmp_102' <Predicate = (exitcond2)> <Delay = 3.47> <Core = "FCmp">   --->   Core 110 'FCmp' <Latency = 0> <II = 1> <Delay = 3.47> <FuncUnit> <Opcode : 'fcmp'> <InPorts = 2> <OutPorts = 1>
ST_3 : Operation 71 [1/1] (0.28ns)   --->   "%tmp_103 = and i1 %tmp_101, %tmp_102" [guess_babay.cpp:29]   --->   Operation 71 'and' 'tmp_103' <Predicate = (exitcond2)> <Delay = 0.28> <Core = "LogicGate">   --->   Core 27 'LogicGate' <Latency = 0> <II = 1> <Delay = 0.28> <FuncUnit> <Opcode : 'and' 'or' 'xor'> <InPorts = 2> <OutPorts = 1>
ST_3 : Operation 72 [1/1] (0.00ns)   --->   "br i1 %tmp_103, label %6, label %7" [guess_babay.cpp:29]   --->   Operation 72 'br' <Predicate = (exitcond2)> <Delay = 0.00>
ST_3 : Operation 73 [1/1] (3.47ns)   --->   "%tmp_104 = fcmp olt float %tmp_83, 5.000000e-01" [guess_babay.cpp:33]   --->   Operation 73 'fcmp' 'tmp_104' <Predicate = (exitcond2 & !tmp_103)> <Delay = 3.47> <Core = "FCmp">   --->   Core 110 'FCmp' <Latency = 0> <II = 1> <Delay = 3.47> <FuncUnit> <Opcode : 'fcmp'> <InPorts = 2> <OutPorts = 1>
ST_3 : Operation 74 [1/1] (0.00ns) (grouped into LUT with out node tmp_93)   --->   "%tmp_105 = and i1 %tmp_101, %tmp_104" [guess_babay.cpp:33]   --->   Operation 74 'and' 'tmp_105' <Predicate = (exitcond2 & !tmp_103)> <Delay = 0.00> <Core = "LogicGate">   --->   Core 27 'LogicGate' <Latency = 0> <II = 1> <Delay = 0.28> <FuncUnit> <Opcode : 'and' 'or' 'xor'> <InPorts = 2> <OutPorts = 1>
ST_3 : Operation 75 [1/1] (3.47ns)   --->   "%tmp_106 = fcmp oge float %tmp_83, -5.000000e-01" [guess_babay.cpp:33]   --->   Operation 75 'fcmp' 'tmp_106' <Predicate = (exitcond2 & !tmp_103)> <Delay = 3.47> <Core = "FCmp">   --->   Core 110 'FCmp' <Latency = 0> <II = 1> <Delay = 3.47> <FuncUnit> <Opcode : 'fcmp'> <InPorts = 2> <OutPorts = 1>
ST_3 : Operation 76 [1/1] (0.28ns) (out node of the LUT)   --->   "%tmp_93 = and i1 %tmp_105, %tmp_106" [guess_babay.cpp:33]   --->   Operation 76 'and' 'tmp_93' <Predicate = (exitcond2 & !tmp_103)> <Delay = 0.28> <Core = "LogicGate">   --->   Core 27 'LogicGate' <Latency = 0> <II = 1> <Delay = 0.28> <FuncUnit> <Opcode : 'and' 'or' 'xor'> <InPorts = 2> <OutPorts = 1>
ST_3 : Operation 77 [1/1] (0.00ns)   --->   "br i1 %tmp_93, label %8, label %9" [guess_babay.cpp:33]   --->   Operation 77 'br' <Predicate = (exitcond2 & !tmp_103)> <Delay = 0.00>
ST_3 : Operation 78 [1/1] (3.47ns)   --->   "%tmp_107 = fcmp olt float %tmp_83, -5.000000e-01" [guess_babay.cpp:37]   --->   Operation 78 'fcmp' 'tmp_107' <Predicate = (exitcond2 & !tmp_103 & !tmp_93)> <Delay = 3.47> <Core = "FCmp">   --->   Core 110 'FCmp' <Latency = 0> <II = 1> <Delay = 3.47> <FuncUnit> <Opcode : 'fcmp'> <InPorts = 2> <OutPorts = 1>
ST_3 : Operation 79 [1/1] (0.28ns)   --->   "%tmp_108 = and i1 %tmp_101, %tmp_107" [guess_babay.cpp:37]   --->   Operation 79 'and' 'tmp_108' <Predicate = (exitcond2 & !tmp_103 & !tmp_93)> <Delay = 0.28> <Core = "LogicGate">   --->   Core 27 'LogicGate' <Latency = 0> <II = 1> <Delay = 0.28> <FuncUnit> <Opcode : 'and' 'or' 'xor'> <InPorts = 2> <OutPorts = 1>
ST_3 : Operation 80 [1/1] (0.00ns)   --->   "br i1 %tmp_108, label %10, label %._crit_edge" [guess_babay.cpp:37]   --->   Operation 80 'br' <Predicate = (exitcond2 & !tmp_103 & !tmp_93)> <Delay = 0.00>
ST_3 : Operation 81 [1/1] (0.67ns)   --->   "store float -1.000000e+00, float* %U_babay_addr, align 4" [guess_babay.cpp:39]   --->   Operation 81 'store' <Predicate = (exitcond2 & !tmp_103 & !tmp_93 & tmp_108)> <Delay = 0.67> <Core = "RAM">   --->   Core 37 'RAM' <Latency = 1> <II = 1> <Delay = 0.67> <Storage> <Opcode : 'load' 'store'> <Ports = 2> <Width = 32> <Depth = 12> <RAM>
ST_3 : Operation 82 [1/1] (0.00ns)   --->   "br label %._crit_edge" [guess_babay.cpp:39]   --->   Operation 82 'br' <Predicate = (exitcond2 & !tmp_103 & !tmp_93 & tmp_108)> <Delay = 0.00>
ST_3 : Operation 83 [1/1] (0.00ns)   --->   "br label %11"   --->   Operation 83 'br' <Predicate = (exitcond2 & !tmp_103 & !tmp_93)> <Delay = 0.00>
ST_3 : Operation 84 [1/1] (0.67ns)   --->   "store float 0.000000e+00, float* %U_babay_addr, align 4" [guess_babay.cpp:35]   --->   Operation 84 'store' <Predicate = (exitcond2 & !tmp_103 & tmp_93)> <Delay = 0.67> <Core = "RAM">   --->   Core 37 'RAM' <Latency = 1> <II = 1> <Delay = 0.67> <Storage> <Opcode : 'load' 'store'> <Ports = 2> <Width = 32> <Depth = 12> <RAM>
ST_3 : Operation 85 [1/1] (0.00ns)   --->   "br label %11" [guess_babay.cpp:35]   --->   Operation 85 'br' <Predicate = (exitcond2 & !tmp_103 & tmp_93)> <Delay = 0.00>
ST_3 : Operation 86 [1/1] (0.00ns)   --->   "br label %12"   --->   Operation 86 'br' <Predicate = (exitcond2 & !tmp_103)> <Delay = 0.00>
ST_3 : Operation 87 [1/1] (0.67ns)   --->   "store float 1.000000e+00, float* %U_babay_addr, align 4" [guess_babay.cpp:31]   --->   Operation 87 'store' <Predicate = (exitcond2 & tmp_103)> <Delay = 0.67> <Core = "RAM">   --->   Core 37 'RAM' <Latency = 1> <II = 1> <Delay = 0.67> <Storage> <Opcode : 'load' 'store'> <Ports = 2> <Width = 32> <Depth = 12> <RAM>
ST_3 : Operation 88 [1/1] (0.00ns)   --->   "br label %12" [guess_babay.cpp:31]   --->   Operation 88 'br' <Predicate = (exitcond2 & tmp_103)> <Delay = 0.00>
ST_3 : Operation 89 [1/1] (0.00ns)   --->   "%empty_50 = call i32 (...)* @_ssdm_op_SpecRegionEnd([16 x i8]* @p_str32, i32 %tmp_84)" [guess_babay.cpp:40]   --->   Operation 89 'specregionend' 'empty_50' <Predicate = (exitcond2)> <Delay = 0.00>
ST_3 : Operation 90 [1/1] (0.00ns)   --->   "br label %1" [guess_babay.cpp:15]   --->   Operation 90 'br' <Predicate = (exitcond2)> <Delay = 0.00>

State 4 <SV = 3> <Delay = 1.58>
ST_4 : Operation 91 [1/2] (1.23ns)   --->   "%H_Hat_Inv_a_load = load float* %H_Hat_Inv_a_addr, align 4" [guess_babay.cpp:22]   --->   Operation 91 'load' 'H_Hat_Inv_a_load' <Predicate = true> <Delay = 1.23> <Core = "RAM">   --->   Core 37 'RAM' <Latency = 1> <II = 1> <Delay = 0.67> <Storage> <Opcode : 'load' 'store'> <Ports = 2> <Width = 32> <Depth = 12> <RAM>
ST_4 : Operation 92 [1/1] (0.00ns)   --->   "%tmp_88_to_int = bitcast float %H_Hat_Inv_a_load to i32" [guess_babay.cpp:22]   --->   Operation 92 'bitcast' 'tmp_88_to_int' <Predicate = true> <Delay = 0.00>
ST_4 : Operation 93 [1/1] (0.35ns)   --->   "%tmp_88_neg = xor i32 %tmp_88_to_int, -2147483648" [guess_babay.cpp:22]   --->   Operation 93 'xor' 'tmp_88_neg' <Predicate = true> <Delay = 0.35> <Core = "LogicGate">   --->   Core 27 'LogicGate' <Latency = 0> <II = 1> <Delay = 0.28> <FuncUnit> <Opcode : 'and' 'or' 'xor'> <InPorts = 2> <OutPorts = 1>
ST_4 : Operation 94 [1/2] (0.67ns)   --->   "%theta_kk_load = load float* %theta_kk_addr, align 4" [guess_babay.cpp:22]   --->   Operation 94 'load' 'theta_kk_load' <Predicate = true> <Delay = 0.67> <Core = "RAM">   --->   Core 37 'RAM' <Latency = 1> <II = 1> <Delay = 0.67> <Storage> <Opcode : 'load' 'store'> <Ports = 2> <Width = 32> <Depth = 12> <RAM>

State 5 <SV = 4> <Delay = 8.41>
ST_5 : Operation 95 [1/1] (0.00ns)   --->   "%tmp_87 = bitcast i32 %tmp_88_neg to float" [guess_babay.cpp:22]   --->   Operation 95 'bitcast' 'tmp_87' <Predicate = true> <Delay = 0.00>
ST_5 : Operation 96 [2/2] (8.41ns)   --->   "%tmp_89 = fmul float %tmp_87, %theta_kk_load" [guess_babay.cpp:22]   --->   Operation 96 'fmul' 'tmp_89' <Predicate = true> <Delay = 8.41> <Core = "FMul">   --->   Core 105 'FMul' <Latency = 1> <II = 1> <Delay = 8.41> <FuncUnit> <Opcode : 'fmul'> <InPorts = 2> <OutPorts = 1>

State 6 <SV = 5> <Delay = 8.41>
ST_6 : Operation 97 [1/2] (8.41ns)   --->   "%tmp_89 = fmul float %tmp_87, %theta_kk_load" [guess_babay.cpp:22]   --->   Operation 97 'fmul' 'tmp_89' <Predicate = true> <Delay = 8.41> <Core = "FMul">   --->   Core 105 'FMul' <Latency = 1> <II = 1> <Delay = 8.41> <FuncUnit> <Opcode : 'fmul'> <InPorts = 2> <OutPorts = 1>

State 7 <SV = 6> <Delay = 6.43>
ST_7 : Operation 98 [4/4] (6.43ns)   --->   "%tmp_90 = fadd float %tmp_83, %tmp_89" [guess_babay.cpp:22]   --->   Operation 98 'fadd' 'tmp_90' <Predicate = true> <Delay = 6.43> <Core = "FAddSub">   --->   Core 104 'FAddSub' <Latency = 3> <II = 1> <Delay = 6.43> <FuncUnit> <Opcode : 'fadd' 'fsub'> <InPorts = 2> <OutPorts = 1>

State 8 <SV = 7> <Delay = 6.43>
ST_8 : Operation 99 [3/4] (6.43ns)   --->   "%tmp_90 = fadd float %tmp_83, %tmp_89" [guess_babay.cpp:22]   --->   Operation 99 'fadd' 'tmp_90' <Predicate = true> <Delay = 6.43> <Core = "FAddSub">   --->   Core 104 'FAddSub' <Latency = 3> <II = 1> <Delay = 6.43> <FuncUnit> <Opcode : 'fadd' 'fsub'> <InPorts = 2> <OutPorts = 1>

State 9 <SV = 8> <Delay = 6.43>
ST_9 : Operation 100 [2/4] (6.43ns)   --->   "%tmp_90 = fadd float %tmp_83, %tmp_89" [guess_babay.cpp:22]   --->   Operation 100 'fadd' 'tmp_90' <Predicate = true> <Delay = 6.43> <Core = "FAddSub">   --->   Core 104 'FAddSub' <Latency = 3> <II = 1> <Delay = 6.43> <FuncUnit> <Opcode : 'fadd' 'fsub'> <InPorts = 2> <OutPorts = 1>

State 10 <SV = 9> <Delay = 7.11>
ST_10 : Operation 101 [1/1] (0.00ns)   --->   "call void (...)* @_ssdm_op_SpecLoopName([16 x i8]* @p_str133) nounwind" [guess_babay.cpp:20]   --->   Operation 101 'specloopname' <Predicate = true> <Delay = 0.00>
ST_10 : Operation 102 [1/4] (6.43ns)   --->   "%tmp_90 = fadd float %tmp_83, %tmp_89" [guess_babay.cpp:22]   --->   Operation 102 'fadd' 'tmp_90' <Predicate = true> <Delay = 6.43> <Core = "FAddSub">   --->   Core 104 'FAddSub' <Latency = 3> <II = 1> <Delay = 6.43> <FuncUnit> <Opcode : 'fadd' 'fsub'> <InPorts = 2> <OutPorts = 1>
ST_10 : Operation 103 [1/1] (0.67ns)   --->   "store float %tmp_90, float* %U_babay_addr, align 4" [guess_babay.cpp:22]   --->   Operation 103 'store' <Predicate = true> <Delay = 0.67> <Core = "RAM">   --->   Core 37 'RAM' <Latency = 1> <II = 1> <Delay = 0.67> <Storage> <Opcode : 'load' 'store'> <Ports = 2> <Width = 32> <Depth = 12> <RAM>
ST_10 : Operation 104 [1/1] (0.00ns)   --->   "br label %3" [guess_babay.cpp:20]   --->   Operation 104 'br' <Predicate = true> <Delay = 0.00>

State 11 <SV = 2> <Delay = 0.79>
ST_11 : Operation 105 [1/1] (0.00ns)   --->   "%babay_rho = phi float [ %babay_rho_1, %15 ], [ 0.000000e+00, %.preheader.preheader ]"   --->   Operation 105 'phi' 'babay_rho' <Predicate = true> <Delay = 0.00>
ST_11 : Operation 106 [1/1] (0.00ns)   --->   "%row1 = phi i4 [ %row_1, %15 ], [ 0, %.preheader.preheader ]"   --->   Operation 106 'phi' 'row1' <Predicate = true> <Delay = 0.00>
ST_11 : Operation 107 [1/1] (0.72ns)   --->   "%exitcond1 = icmp eq i4 %row1, -4" [guess_babay.cpp:48]   --->   Operation 107 'icmp' 'exitcond1' <Predicate = true> <Delay = 0.72> <Core = "Cmp">   --->   Core 25 'Cmp' <Latency = 0> <II = 1> <Delay = 0.72> <FuncUnit> <Opcode : 'icmp'> <InPorts = 2> <OutPorts = 1>
ST_11 : Operation 108 [1/1] (0.00ns)   --->   "%empty_51 = call i32 (...)* @_ssdm_op_SpecLoopTripCount(i64 12, i64 12, i64 12)"   --->   Operation 108 'speclooptripcount' 'empty_51' <Predicate = true> <Delay = 0.00>
ST_11 : Operation 109 [1/1] (0.79ns)   --->   "%row_1 = add i4 %row1, 1" [guess_babay.cpp:48]   --->   Operation 109 'add' 'row_1' <Predicate = true> <Delay = 0.79> <Core = "AddSub">   --->   Core 14 'AddSub' <Latency = 0> <II = 1> <Delay = 0.77> <FuncUnit> <Opcode : 'add' 'sub'> <InPorts = 2> <OutPorts = 1>
ST_11 : Operation 110 [1/1] (0.00ns)   --->   "br i1 %exitcond1, label %16, label %13" [guess_babay.cpp:48]   --->   Operation 110 'br' <Predicate = true> <Delay = 0.00>
ST_11 : Operation 111 [1/1] (0.00ns)   --->   "call void (...)* @_ssdm_op_SpecLoopName([14 x i8]* @p_str234) nounwind" [guess_babay.cpp:49]   --->   Operation 111 'specloopname' <Predicate = (!exitcond1)> <Delay = 0.00>
ST_11 : Operation 112 [1/1] (0.00ns)   --->   "%tmp_92 = call i32 (...)* @_ssdm_op_SpecRegionBegin([14 x i8]* @p_str234)" [guess_babay.cpp:49]   --->   Operation 112 'specregionbegin' 'tmp_92' <Predicate = (!exitcond1)> <Delay = 0.00>
ST_11 : Operation 113 [1/1] (0.00ns)   --->   "%p_shl7 = call i8 @_ssdm_op_BitConcatenate.i8.i4.i4(i4 %row1, i4 0)" [guess_babay.cpp:55]   --->   Operation 113 'bitconcatenate' 'p_shl7' <Predicate = (!exitcond1)> <Delay = 0.00>
ST_11 : Operation 114 [1/1] (0.00ns)   --->   "%p_shl7_cast = zext i8 %p_shl7 to i9" [guess_babay.cpp:55]   --->   Operation 114 'zext' 'p_shl7_cast' <Predicate = (!exitcond1)> <Delay = 0.00>
ST_11 : Operation 115 [1/1] (0.00ns)   --->   "%p_shl8 = call i6 @_ssdm_op_BitConcatenate.i6.i4.i2(i4 %row1, i2 0)" [guess_babay.cpp:55]   --->   Operation 115 'bitconcatenate' 'p_shl8' <Predicate = (!exitcond1)> <Delay = 0.00>
ST_11 : Operation 116 [1/1] (0.00ns)   --->   "%p_shl8_cast = zext i6 %p_shl8 to i9" [guess_babay.cpp:55]   --->   Operation 116 'zext' 'p_shl8_cast' <Predicate = (!exitcond1)> <Delay = 0.00>
ST_11 : Operation 117 [1/1] (0.76ns)   --->   "%tmp_82 = sub i9 %p_shl7_cast, %p_shl8_cast" [guess_babay.cpp:55]   --->   Operation 117 'sub' 'tmp_82' <Predicate = (!exitcond1)> <Delay = 0.76> <Core = "AddSub">   --->   Core 14 'AddSub' <Latency = 0> <II = 1> <Delay = 0.77> <FuncUnit> <Opcode : 'add' 'sub'> <InPorts = 2> <OutPorts = 1>
ST_11 : Operation 118 [1/1] (0.65ns)   --->   "br label %14" [guess_babay.cpp:52]   --->   Operation 118 'br' <Predicate = (!exitcond1)> <Delay = 0.65>
ST_11 : Operation 119 [1/1] (0.00ns)   --->   "ret float %babay_rho" [guess_babay.cpp:111]   --->   Operation 119 'ret' <Predicate = (exitcond1)> <Delay = 0.00>

State 12 <SV = 3> <Delay = 2.01>
ST_12 : Operation 120 [1/1] (0.00ns)   --->   "%temp_value = phi float [ 0.000000e+00, %13 ], [ %temp_value_1, %_ifconv ]"   --->   Operation 120 'phi' 'temp_value' <Predicate = true> <Delay = 0.00>
ST_12 : Operation 121 [1/1] (0.00ns)   --->   "%col2 = phi i4 [ 0, %13 ], [ %col_6, %_ifconv ]"   --->   Operation 121 'phi' 'col2' <Predicate = true> <Delay = 0.00>
ST_12 : Operation 122 [1/1] (0.00ns)   --->   "%col2_cast2 = zext i4 %col2 to i9" [guess_babay.cpp:52]   --->   Operation 122 'zext' 'col2_cast2' <Predicate = true> <Delay = 0.00>
ST_12 : Operation 123 [1/1] (0.72ns)   --->   "%exitcond = icmp eq i4 %col2, -3" [guess_babay.cpp:52]   --->   Operation 123 'icmp' 'exitcond' <Predicate = true> <Delay = 0.72> <Core = "Cmp">   --->   Core 25 'Cmp' <Latency = 0> <II = 1> <Delay = 0.72> <FuncUnit> <Opcode : 'icmp'> <InPorts = 2> <OutPorts = 1>
ST_12 : Operation 124 [1/1] (0.00ns)   --->   "%empty_52 = call i32 (...)* @_ssdm_op_SpecLoopTripCount(i64 13, i64 13, i64 13)"   --->   Operation 124 'speclooptripcount' 'empty_52' <Predicate = true> <Delay = 0.00>
ST_12 : Operation 125 [1/1] (0.79ns)   --->   "%col_6 = add i4 %col2, 1" [guess_babay.cpp:52]   --->   Operation 125 'add' 'col_6' <Predicate = true> <Delay = 0.79> <Core = "AddSub">   --->   Core 14 'AddSub' <Latency = 0> <II = 1> <Delay = 0.77> <FuncUnit> <Opcode : 'add' 'sub'> <InPorts = 2> <OutPorts = 1>
ST_12 : Operation 126 [1/1] (0.00ns)   --->   "br i1 %exitcond, label %15, label %_ifconv" [guess_babay.cpp:52]   --->   Operation 126 'br' <Predicate = true> <Delay = 0.00>
ST_12 : Operation 127 [1/1] (0.72ns)   --->   "%tmp_94 = icmp ugt i4 %col2, %row1" [guess_babay.cpp:54]   --->   Operation 127 'icmp' 'tmp_94' <Predicate = (!exitcond)> <Delay = 0.72> <Core = "Cmp">   --->   Core 25 'Cmp' <Latency = 0> <II = 1> <Delay = 0.72> <FuncUnit> <Opcode : 'icmp'> <InPorts = 2> <OutPorts = 1>
ST_12 : Operation 128 [1/1] (0.77ns)   --->   "%tmp_95 = add i9 %tmp_82, %col2_cast2" [guess_babay.cpp:55]   --->   Operation 128 'add' 'tmp_95' <Predicate = (!exitcond)> <Delay = 0.77> <Core = "AddSub">   --->   Core 14 'AddSub' <Latency = 0> <II = 1> <Delay = 0.77> <FuncUnit> <Opcode : 'add' 'sub'> <InPorts = 2> <OutPorts = 1>
ST_12 : Operation 129 [1/1] (0.00ns)   --->   "%tmp_96_cast = sext i9 %tmp_95 to i32" [guess_babay.cpp:55]   --->   Operation 129 'sext' 'tmp_96_cast' <Predicate = (!exitcond)> <Delay = 0.00>
ST_12 : Operation 130 [1/1] (0.00ns)   --->   "%tmp_96 = zext i32 %tmp_96_cast to i64" [guess_babay.cpp:55]   --->   Operation 130 'zext' 'tmp_96' <Predicate = (!exitcond)> <Delay = 0.00>
ST_12 : Operation 131 [1/1] (0.00ns)   --->   "%V_Gen_a_addr = getelementptr [144 x float]* %V_Gen_a, i64 0, i64 %tmp_96" [guess_babay.cpp:55]   --->   Operation 131 'getelementptr' 'V_Gen_a_addr' <Predicate = (!exitcond)> <Delay = 0.00>
ST_12 : Operation 132 [2/2] (1.23ns)   --->   "%V_Gen_a_load = load float* %V_Gen_a_addr, align 4" [guess_babay.cpp:55]   --->   Operation 132 'load' 'V_Gen_a_load' <Predicate = (!exitcond)> <Delay = 1.23> <Core = "RAM">   --->   Core 37 'RAM' <Latency = 1> <II = 1> <Delay = 0.67> <Storage> <Opcode : 'load' 'store'> <Ports = 2> <Width = 32> <Depth = 12> <RAM>
ST_12 : Operation 133 [1/1] (0.00ns)   --->   "%tmp_97 = zext i4 %col2 to i64" [guess_babay.cpp:55]   --->   Operation 133 'zext' 'tmp_97' <Predicate = (!exitcond)> <Delay = 0.00>
ST_12 : Operation 134 [1/1] (0.00ns)   --->   "%U_babay_addr_1 = getelementptr inbounds [12 x float]* %U_babay, i64 0, i64 %tmp_97" [guess_babay.cpp:55]   --->   Operation 134 'getelementptr' 'U_babay_addr_1' <Predicate = (!exitcond)> <Delay = 0.00>
ST_12 : Operation 135 [2/2] (0.67ns)   --->   "%U_babay_load = load float* %U_babay_addr_1, align 4" [guess_babay.cpp:55]   --->   Operation 135 'load' 'U_babay_load' <Predicate = (!exitcond)> <Delay = 0.67> <Core = "RAM">   --->   Core 37 'RAM' <Latency = 1> <II = 1> <Delay = 0.67> <Storage> <Opcode : 'load' 'store'> <Ports = 2> <Width = 32> <Depth = 12> <RAM>
ST_12 : Operation 136 [1/1] (0.00ns)   --->   "%tmp_91 = zext i4 %row1 to i64" [guess_babay.cpp:60]   --->   Operation 136 'zext' 'tmp_91' <Predicate = (exitcond)> <Delay = 0.00>
ST_12 : Operation 137 [1/1] (0.00ns)   --->   "%U_unc_kk_addr = getelementptr [12 x float]* %U_unc_kk, i64 0, i64 %tmp_91" [guess_babay.cpp:60]   --->   Operation 137 'getelementptr' 'U_unc_kk_addr' <Predicate = (exitcond)> <Delay = 0.00>
ST_12 : Operation 138 [2/2] (0.67ns)   --->   "%U_unc_kk_load = load float* %U_unc_kk_addr, align 4" [guess_babay.cpp:60]   --->   Operation 138 'load' 'U_unc_kk_load' <Predicate = (exitcond)> <Delay = 0.67> <Core = "RAM">   --->   Core 37 'RAM' <Latency = 1> <II = 1> <Delay = 0.67> <Storage> <Opcode : 'load' 'store'> <Ports = 2> <Width = 32> <Depth = 12> <RAM>

State 13 <SV = 4> <Delay = 1.23>
ST_13 : Operation 139 [1/2] (1.23ns)   --->   "%V_Gen_a_load = load float* %V_Gen_a_addr, align 4" [guess_babay.cpp:55]   --->   Operation 139 'load' 'V_Gen_a_load' <Predicate = true> <Delay = 1.23> <Core = "RAM">   --->   Core 37 'RAM' <Latency = 1> <II = 1> <Delay = 0.67> <Storage> <Opcode : 'load' 'store'> <Ports = 2> <Width = 32> <Depth = 12> <RAM>
ST_13 : Operation 140 [1/2] (0.67ns)   --->   "%U_babay_load = load float* %U_babay_addr_1, align 4" [guess_babay.cpp:55]   --->   Operation 140 'load' 'U_babay_load' <Predicate = true> <Delay = 0.67> <Core = "RAM">   --->   Core 37 'RAM' <Latency = 1> <II = 1> <Delay = 0.67> <Storage> <Opcode : 'load' 'store'> <Ports = 2> <Width = 32> <Depth = 12> <RAM>

State 14 <SV = 5> <Delay = 8.41>
ST_14 : Operation 141 [2/2] (8.41ns)   --->   "%tmp_98 = fmul float %V_Gen_a_load, %U_babay_load" [guess_babay.cpp:55]   --->   Operation 141 'fmul' 'tmp_98' <Predicate = (!tmp_94)> <Delay = 8.41> <Core = "FMul">   --->   Core 105 'FMul' <Latency = 1> <II = 1> <Delay = 8.41> <FuncUnit> <Opcode : 'fmul'> <InPorts = 2> <OutPorts = 1>

State 15 <SV = 6> <Delay = 8.41>
ST_15 : Operation 142 [1/2] (8.41ns)   --->   "%tmp_98 = fmul float %V_Gen_a_load, %U_babay_load" [guess_babay.cpp:55]   --->   Operation 142 'fmul' 'tmp_98' <Predicate = (!tmp_94)> <Delay = 8.41> <Core = "FMul">   --->   Core 105 'FMul' <Latency = 1> <II = 1> <Delay = 8.41> <FuncUnit> <Opcode : 'fmul'> <InPorts = 2> <OutPorts = 1>

State 16 <SV = 7> <Delay = 6.43>
ST_16 : Operation 143 [4/4] (6.43ns)   --->   "%temp_value_7 = fadd float %temp_value, %tmp_98" [guess_babay.cpp:55]   --->   Operation 143 'fadd' 'temp_value_7' <Predicate = (!tmp_94)> <Delay = 6.43> <Core = "FAddSub">   --->   Core 104 'FAddSub' <Latency = 3> <II = 1> <Delay = 6.43> <FuncUnit> <Opcode : 'fadd' 'fsub'> <InPorts = 2> <OutPorts = 1>

State 17 <SV = 8> <Delay = 6.43>
ST_17 : Operation 144 [3/4] (6.43ns)   --->   "%temp_value_7 = fadd float %temp_value, %tmp_98" [guess_babay.cpp:55]   --->   Operation 144 'fadd' 'temp_value_7' <Predicate = (!tmp_94)> <Delay = 6.43> <Core = "FAddSub">   --->   Core 104 'FAddSub' <Latency = 3> <II = 1> <Delay = 6.43> <FuncUnit> <Opcode : 'fadd' 'fsub'> <InPorts = 2> <OutPorts = 1>

State 18 <SV = 9> <Delay = 6.43>
ST_18 : Operation 145 [2/4] (6.43ns)   --->   "%temp_value_7 = fadd float %temp_value, %tmp_98" [guess_babay.cpp:55]   --->   Operation 145 'fadd' 'temp_value_7' <Predicate = (!tmp_94)> <Delay = 6.43> <Core = "FAddSub">   --->   Core 104 'FAddSub' <Latency = 3> <II = 1> <Delay = 6.43> <FuncUnit> <Opcode : 'fadd' 'fsub'> <InPorts = 2> <OutPorts = 1>

State 19 <SV = 10> <Delay = 6.88>
ST_19 : Operation 146 [1/1] (0.00ns)   --->   "call void (...)* @_ssdm_op_SpecLoopName([14 x i8]* @p_str335) nounwind" [guess_babay.cpp:52]   --->   Operation 146 'specloopname' <Predicate = true> <Delay = 0.00>
ST_19 : Operation 147 [1/4] (6.43ns)   --->   "%temp_value_7 = fadd float %temp_value, %tmp_98" [guess_babay.cpp:55]   --->   Operation 147 'fadd' 'temp_value_7' <Predicate = (!tmp_94)> <Delay = 6.43> <Core = "FAddSub">   --->   Core 104 'FAddSub' <Latency = 3> <II = 1> <Delay = 6.43> <FuncUnit> <Opcode : 'fadd' 'fsub'> <InPorts = 2> <OutPorts = 1>
ST_19 : Operation 148 [1/1] (0.44ns)   --->   "%temp_value_1 = select i1 %tmp_94, float %temp_value, float %temp_value_7" [guess_babay.cpp:55]   --->   Operation 148 'select' 'temp_value_1' <Predicate = true> <Delay = 0.44> <Core = "Sel">   --->   Core 26 'Sel' <Latency = 0> <II = 1> <Delay = 0.44> <FuncUnit> <Opcode : 'select'> <InPorts = 3> <OutPorts = 1>
ST_19 : Operation 149 [1/1] (0.00ns)   --->   "br label %14" [guess_babay.cpp:52]   --->   Operation 149 'br' <Predicate = true> <Delay = 0.00>

State 20 <SV = 4> <Delay = 7.11>
ST_20 : Operation 150 [1/2] (0.67ns)   --->   "%U_unc_kk_load = load float* %U_unc_kk_addr, align 4" [guess_babay.cpp:60]   --->   Operation 150 'load' 'U_unc_kk_load' <Predicate = true> <Delay = 0.67> <Core = "RAM">   --->   Core 37 'RAM' <Latency = 1> <II = 1> <Delay = 0.67> <Storage> <Opcode : 'load' 'store'> <Ports = 2> <Width = 32> <Depth = 12> <RAM>
ST_20 : Operation 151 [4/4] (6.43ns)   --->   "%temp_value_5 = fsub float %U_unc_kk_load, %temp_value" [guess_babay.cpp:60]   --->   Operation 151 'fsub' 'temp_value_5' <Predicate = true> <Delay = 6.43> <Core = "FAddSub">   --->   Core 104 'FAddSub' <Latency = 3> <II = 1> <Delay = 6.43> <FuncUnit> <Opcode : 'fadd' 'fsub'> <InPorts = 2> <OutPorts = 1>

State 21 <SV = 5> <Delay = 6.43>
ST_21 : Operation 152 [3/4] (6.43ns)   --->   "%temp_value_5 = fsub float %U_unc_kk_load, %temp_value" [guess_babay.cpp:60]   --->   Operation 152 'fsub' 'temp_value_5' <Predicate = true> <Delay = 6.43> <Core = "FAddSub">   --->   Core 104 'FAddSub' <Latency = 3> <II = 1> <Delay = 6.43> <FuncUnit> <Opcode : 'fadd' 'fsub'> <InPorts = 2> <OutPorts = 1>

State 22 <SV = 6> <Delay = 6.43>
ST_22 : Operation 153 [2/4] (6.43ns)   --->   "%temp_value_5 = fsub float %U_unc_kk_load, %temp_value" [guess_babay.cpp:60]   --->   Operation 153 'fsub' 'temp_value_5' <Predicate = true> <Delay = 6.43> <Core = "FAddSub">   --->   Core 104 'FAddSub' <Latency = 3> <II = 1> <Delay = 6.43> <FuncUnit> <Opcode : 'fadd' 'fsub'> <InPorts = 2> <OutPorts = 1>

State 23 <SV = 7> <Delay = 6.43>
ST_23 : Operation 154 [1/4] (6.43ns)   --->   "%temp_value_5 = fsub float %U_unc_kk_load, %temp_value" [guess_babay.cpp:60]   --->   Operation 154 'fsub' 'temp_value_5' <Predicate = true> <Delay = 6.43> <Core = "FAddSub">   --->   Core 104 'FAddSub' <Latency = 3> <II = 1> <Delay = 6.43> <FuncUnit> <Opcode : 'fadd' 'fsub'> <InPorts = 2> <OutPorts = 1>

State 24 <SV = 8> <Delay = 8.41>
ST_24 : Operation 155 [2/2] (8.41ns)   --->   "%temp_value_6 = fmul float %temp_value_5, %temp_value_5" [guess_babay.cpp:61]   --->   Operation 155 'fmul' 'temp_value_6' <Predicate = true> <Delay = 8.41> <Core = "FMul">   --->   Core 105 'FMul' <Latency = 1> <II = 1> <Delay = 8.41> <FuncUnit> <Opcode : 'fmul'> <InPorts = 2> <OutPorts = 1>

State 25 <SV = 9> <Delay = 8.41>
ST_25 : Operation 156 [1/2] (8.41ns)   --->   "%temp_value_6 = fmul float %temp_value_5, %temp_value_5" [guess_babay.cpp:61]   --->   Operation 156 'fmul' 'temp_value_6' <Predicate = true> <Delay = 8.41> <Core = "FMul">   --->   Core 105 'FMul' <Latency = 1> <II = 1> <Delay = 8.41> <FuncUnit> <Opcode : 'fmul'> <InPorts = 2> <OutPorts = 1>

State 26 <SV = 10> <Delay = 6.43>
ST_26 : Operation 157 [4/4] (6.43ns)   --->   "%babay_rho_1 = fadd float %babay_rho, %temp_value_6" [guess_babay.cpp:62]   --->   Operation 157 'fadd' 'babay_rho_1' <Predicate = true> <Delay = 6.43> <Core = "FAddSub">   --->   Core 104 'FAddSub' <Latency = 3> <II = 1> <Delay = 6.43> <FuncUnit> <Opcode : 'fadd' 'fsub'> <InPorts = 2> <OutPorts = 1>

State 27 <SV = 11> <Delay = 6.43>
ST_27 : Operation 158 [3/4] (6.43ns)   --->   "%babay_rho_1 = fadd float %babay_rho, %temp_value_6" [guess_babay.cpp:62]   --->   Operation 158 'fadd' 'babay_rho_1' <Predicate = true> <Delay = 6.43> <Core = "FAddSub">   --->   Core 104 'FAddSub' <Latency = 3> <II = 1> <Delay = 6.43> <FuncUnit> <Opcode : 'fadd' 'fsub'> <InPorts = 2> <OutPorts = 1>

State 28 <SV = 12> <Delay = 6.43>
ST_28 : Operation 159 [2/4] (6.43ns)   --->   "%babay_rho_1 = fadd float %babay_rho, %temp_value_6" [guess_babay.cpp:62]   --->   Operation 159 'fadd' 'babay_rho_1' <Predicate = true> <Delay = 6.43> <Core = "FAddSub">   --->   Core 104 'FAddSub' <Latency = 3> <II = 1> <Delay = 6.43> <FuncUnit> <Opcode : 'fadd' 'fsub'> <InPorts = 2> <OutPorts = 1>

State 29 <SV = 13> <Delay = 6.43>
ST_29 : Operation 160 [1/4] (6.43ns)   --->   "%babay_rho_1 = fadd float %babay_rho, %temp_value_6" [guess_babay.cpp:62]   --->   Operation 160 'fadd' 'babay_rho_1' <Predicate = true> <Delay = 6.43> <Core = "FAddSub">   --->   Core 104 'FAddSub' <Latency = 3> <II = 1> <Delay = 6.43> <FuncUnit> <Opcode : 'fadd' 'fsub'> <InPorts = 2> <OutPorts = 1>
ST_29 : Operation 161 [1/1] (0.00ns)   --->   "%empty_53 = call i32 (...)* @_ssdm_op_SpecRegionEnd([14 x i8]* @p_str234, i32 %tmp_92)" [guess_babay.cpp:65]   --->   Operation 161 'specregionend' 'empty_53' <Predicate = true> <Delay = 0.00>
ST_29 : Operation 162 [1/1] (0.00ns)   --->   "br label %.preheader" [guess_babay.cpp:48]   --->   Operation 162 'br' <Predicate = true> <Delay = 0.00>


============================================================
+ Verbose Summary: Timing violations
============================================================
Target clock period: 10ns, clock uncertainty: 1.25ns.

 <State 1>: 0.656ns
The critical path consists of the following:
	multiplexor before 'phi' operation ('row') with incoming values : ('row', guess_babay.cpp:15) [8]  (0.656 ns)

 <State 2>: 0.797ns
The critical path consists of the following:
	'phi' operation ('row') with incoming values : ('row', guess_babay.cpp:15) [8]  (0 ns)
	'add' operation ('row', guess_babay.cpp:15) [11]  (0.797 ns)

 <State 3>: 3.76ns
The critical path consists of the following:
	'phi' operation ('tmp_83', guess_babay.cpp:22) with incoming values : ('tmp_90', guess_babay.cpp:22) [26]  (0 ns)
	'fcmp' operation ('tmp_107', guess_babay.cpp:37) [67]  (3.48 ns)
	'and' operation ('tmp_108', guess_babay.cpp:37) [68]  (0.287 ns)

 <State 4>: 1.59ns
The critical path consists of the following:
	'load' operation ('H_Hat_Inv_a_load', guess_babay.cpp:22) on array 'H_Hat_Inv_a' [39]  (1.24 ns)
	'xor' operation ('tmp_88_neg', guess_babay.cpp:22) [41]  (0.351 ns)

 <State 5>: 8.42ns
The critical path consists of the following:
	'fmul' operation ('tmp_89', guess_babay.cpp:22) [46]  (8.42 ns)

 <State 6>: 8.42ns
The critical path consists of the following:
	'fmul' operation ('tmp_89', guess_babay.cpp:22) [46]  (8.42 ns)

 <State 7>: 6.44ns
The critical path consists of the following:
	'fadd' operation ('tmp_90', guess_babay.cpp:22) [47]  (6.44 ns)

 <State 8>: 6.44ns
The critical path consists of the following:
	'fadd' operation ('tmp_90', guess_babay.cpp:22) [47]  (6.44 ns)

 <State 9>: 6.44ns
The critical path consists of the following:
	'fadd' operation ('tmp_90', guess_babay.cpp:22) [47]  (6.44 ns)

 <State 10>: 7.11ns
The critical path consists of the following:
	'fadd' operation ('tmp_90', guess_babay.cpp:22) [47]  (6.44 ns)
	'store' operation (guess_babay.cpp:22) of variable 'tmp_90', guess_babay.cpp:22 on array 'U_babay', guess_babay.cpp:11 [48]  (0.677 ns)

 <State 11>: 0.797ns
The critical path consists of the following:
	'phi' operation ('row') with incoming values : ('row', guess_babay.cpp:48) [90]  (0 ns)
	'add' operation ('row', guess_babay.cpp:48) [93]  (0.797 ns)

 <State 12>: 2.01ns
The critical path consists of the following:
	'phi' operation ('col') with incoming values : ('col', guess_babay.cpp:52) [106]  (0 ns)
	'add' operation ('tmp_95', guess_babay.cpp:55) [115]  (0.776 ns)
	'getelementptr' operation ('V_Gen_a_addr', guess_babay.cpp:55) [118]  (0 ns)
	'load' operation ('V_Gen_a_load', guess_babay.cpp:55) on array 'V_Gen_a' [119]  (1.24 ns)

 <State 13>: 1.24ns
The critical path consists of the following:
	'load' operation ('V_Gen_a_load', guess_babay.cpp:55) on array 'V_Gen_a' [119]  (1.24 ns)

 <State 14>: 8.42ns
The critical path consists of the following:
	'fmul' operation ('tmp_98', guess_babay.cpp:55) [123]  (8.42 ns)

 <State 15>: 8.42ns
The critical path consists of the following:
	'fmul' operation ('tmp_98', guess_babay.cpp:55) [123]  (8.42 ns)

 <State 16>: 6.44ns
The critical path consists of the following:
	'fadd' operation ('temp_value', guess_babay.cpp:55) [124]  (6.44 ns)

 <State 17>: 6.44ns
The critical path consists of the following:
	'fadd' operation ('temp_value', guess_babay.cpp:55) [124]  (6.44 ns)

 <State 18>: 6.44ns
The critical path consists of the following:
	'fadd' operation ('temp_value', guess_babay.cpp:55) [124]  (6.44 ns)

 <State 19>: 6.89ns
The critical path consists of the following:
	'fadd' operation ('temp_value', guess_babay.cpp:55) [124]  (6.44 ns)
	'select' operation ('temp_value', guess_babay.cpp:55) [125]  (0.449 ns)

 <State 20>: 7.11ns
The critical path consists of the following:
	'load' operation ('U_unc_kk_load', guess_babay.cpp:60) on array 'U_unc_kk' [130]  (0.677 ns)
	'fsub' operation ('temp_value', guess_babay.cpp:60) [131]  (6.44 ns)

 <State 21>: 6.44ns
The critical path consists of the following:
	'fsub' operation ('temp_value', guess_babay.cpp:60) [131]  (6.44 ns)

 <State 22>: 6.44ns
The critical path consists of the following:
	'fsub' operation ('temp_value', guess_babay.cpp:60) [131]  (6.44 ns)

 <State 23>: 6.44ns
The critical path consists of the following:
	'fsub' operation ('temp_value', guess_babay.cpp:60) [131]  (6.44 ns)

 <State 24>: 8.42ns
The critical path consists of the following:
	'fmul' operation ('temp_value', guess_babay.cpp:61) [132]  (8.42 ns)

 <State 25>: 8.42ns
The critical path consists of the following:
	'fmul' operation ('temp_value', guess_babay.cpp:61) [132]  (8.42 ns)

 <State 26>: 6.44ns
The critical path consists of the following:
	'fadd' operation ('babay_rho', guess_babay.cpp:62) [133]  (6.44 ns)

 <State 27>: 6.44ns
The critical path consists of the following:
	'fadd' operation ('babay_rho', guess_babay.cpp:62) [133]  (6.44 ns)

 <State 28>: 6.44ns
The critical path consists of the following:
	'fadd' operation ('babay_rho', guess_babay.cpp:62) [133]  (6.44 ns)

 <State 29>: 6.44ns
The critical path consists of the following:
	'fadd' operation ('babay_rho', guess_babay.cpp:62) [133]  (6.44 ns)


============================================================
+ Verbose Summary: Binding
============================================================
N/A
* FSMD analyzer results:
  - Output states:
 - Input state : 
  - Chain level:
	State 1
	State 2
	State 3
	State 4
	State 5
	State 6
	State 7
	State 8
	State 9
	State 10
	State 11
	State 12
	State 13
	State 14
	State 15
	State 16
	State 17
	State 18
	State 19
	State 20
	State 21
	State 22
	State 23
	State 24
	State 25
	State 26
	State 27
	State 28
	State 29


============================================================
+ Verbose Summary: Datapath Resource usage 
============================================================
N/A
