

================================================================
== Vivado HLS Report for 'guess_babay'
================================================================
* Date:           Thu Jun 20 17:35:52 2019

* Version:        2018.3 (Build 2405991 on Thu Dec 06 23:56:15 MST 2018)
* Project:        pred_ctrl_sep_array_sep_burst_V02
* Solution:       solution1
* Product family: zynquplus
* Target device:  xczu7ev-ffvc1156-2-e


================================================================
== Performance Estimates
================================================================
+ Timing (ns): 
    * Summary: 
    +--------+-------+----------+------------+
    |  Clock | Target| Estimated| Uncertainty|
    +--------+-------+----------+------------+
    |ap_clk  |  10.00|     8.419|        1.25|
    +--------+-------+----------+------------+

+ Latency (clock cycles): 
    * Summary: 
    +------+------+------+------+---------+
    |   Latency   |   Interval  | Pipeline|
    |  min |  max |  min |  max |   Type  |
    +------+------+------+------+---------+
    |  2570|  2570|  2570|  2570|   none  |
    +------+------+------+------+---------+

    + Detail: 
        * Instance: 
        N/A

        * Loop: 
        +--------------------+------+------+----------+-----------+-----------+------+----------+
        |                    |   Latency   | Iteration|  Initiation Interval  | Trip |          |
        |      Loop Name     |  min |  max |  Latency |  achieved |   target  | Count| Pipelined|
        +--------------------+------+------+----------+-----------+-----------+------+----------+
        |- U_babay_cal_row   |  1176|  1176|        98|          -|          -|    12|    no    |
        | + U_babay_cal_col  |    96|    96|         8|          -|          -|    12|    no    |
        |- roh_babay_row     |  1392|  1392|       116|          -|          -|    12|    no    |
        | + roh_babay_col    |   104|   104|         8|          -|          -|    13|    no    |
        +--------------------+------+------+----------+-----------+-----------+------+----------+



================================================================
== Utilization Estimates
================================================================
* Summary: 
+-----------------+---------+-------+--------+--------+-----+
|       Name      | BRAM_18K| DSP48E|   FF   |   LUT  | URAM|
+-----------------+---------+-------+--------+--------+-----+
|DSP              |        -|      -|       -|       -|    -|
|Expression       |        -|      -|       0|     263|    -|
|FIFO             |        -|      -|       -|       -|    -|
|Instance         |        -|      5|     619|     637|    -|
|Memory           |        0|      -|      64|       6|    -|
|Multiplexer      |        -|      -|       -|     356|    -|
|Register         |        -|      -|     400|       -|    -|
+-----------------+---------+-------+--------+--------+-----+
|Total            |        0|      5|    1083|    1262|    0|
+-----------------+---------+-------+--------+--------+-----+
|Available        |      624|   1728|  460800|  230400|   96|
+-----------------+---------+-------+--------+--------+-----+
|Utilization (%)  |        0|   ~0  |   ~0   |   ~0   |    0|
+-----------------+---------+-------+--------+--------+-----+

+ Detail: 
    * Instance: 
    +--------------------------+----------------------+---------+-------+-----+-----+
    |         Instance         |        Module        | BRAM_18K| DSP48E|  FF | LUT |
    +--------------------------+----------------------+---------+-------+-----+-----+
    |predictive_controbkb_U36  |predictive_controbkb  |        0|      2|  227|  214|
    |predictive_controcud_U37  |predictive_controcud  |        0|      3|  128|  135|
    |predictive_controjbC_U38  |predictive_controjbC  |        0|      0|   66|   72|
    |predictive_controjbC_U39  |predictive_controjbC  |        0|      0|   66|   72|
    |predictive_controjbC_U40  |predictive_controjbC  |        0|      0|   66|   72|
    |predictive_controjbC_U41  |predictive_controjbC  |        0|      0|   66|   72|
    +--------------------------+----------------------+---------+-------+-----+-----+
    |Total                     |                      |        0|      5|  619|  637|
    +--------------------------+----------------------+---------+-------+-----+-----+

    * DSP48: 
    N/A

    * Memory: 
    +-----------+----------------------+---------+----+----+------+-----+------+-------------+
    |   Memory  |        Module        | BRAM_18K| FF | LUT| Words| Bits| Banks| W*Bits*Banks|
    +-----------+----------------------+---------+----+----+------+-----+------+-------------+
    |U_babay_U  |guess_edu_u_educaibs  |        0|  64|   6|    12|   32|     1|          384|
    +-----------+----------------------+---------+----+----+------+-----+------+-------------+
    |Total      |                      |        0|  64|   6|    12|   32|     1|          384|
    +-----------+----------------------+---------+----+----+------+-----+------+-------------+

    * FIFO: 
    N/A

    * Expression: 
    +------------------------+----------+-------+---+----+------------+------------+
    |      Variable Name     | Operation| DSP48E| FF| LUT| Bitwidth P0| Bitwidth P1|
    +------------------------+----------+-------+---+----+------------+------------+
    |col_5_fu_334_p2         |     +    |      0|  0|  12|           4|           1|
    |col_6_fu_485_p2         |     +    |      0|  0|  12|           4|           1|
    |row_15_fu_283_p2        |     +    |      0|  0|  12|           4|           1|
    |row_1_fu_439_p2         |     +    |      0|  0|  12|           4|           1|
    |tmp_85_fu_340_p2        |     +    |      0|  0|  16|           9|           9|
    |tmp_95_fu_497_p2        |     +    |      0|  0|  16|           9|           9|
    |tmp_82_fu_469_p2        |     -    |      0|  0|  16|           9|           9|
    |tmp_s_fu_318_p2         |     -    |      0|  0|  16|           9|           9|
    |tmp_103_fu_395_p2       |    and   |      0|  0|   2|           1|           1|
    |tmp_105_fu_401_p2       |    and   |      0|  0|   2|           1|           1|
    |tmp_108_fu_413_p2       |    and   |      0|  0|   2|           1|           1|
    |tmp_93_fu_407_p2        |    and   |      0|  0|   2|           1|           1|
    |exitcond1_fu_433_p2     |   icmp   |      0|  0|   9|           4|           4|
    |exitcond2_fu_328_p2     |   icmp   |      0|  0|   9|           4|           4|
    |exitcond3_fu_277_p2     |   icmp   |      0|  0|   9|           4|           4|
    |exitcond_fu_479_p2      |   icmp   |      0|  0|   9|           4|           3|
    |notlhs_fu_377_p2        |   icmp   |      0|  0|  11|           8|           2|
    |notrhs_fu_383_p2        |   icmp   |      0|  0|  20|          23|           1|
    |tmp_94_fu_491_p2        |   icmp   |      0|  0|   9|           4|           4|
    |tmp_101_fu_389_p2       |    or    |      0|  0|   2|           1|           1|
    |temp_value_1_fu_521_p3  |  select  |      0|  0|  32|           1|          32|
    |tmp_88_neg_fu_423_p2    |    xor   |      0|  0|  33|          32|          33|
    +------------------------+----------+-------+---+----+------------+------------+
    |Total                   |          |      0|  0| 263|         141|         132|
    +------------------------+----------+-------+---+----+------------+------------+

    * Multiplexer: 
    +--------------------+-----+-----------+-----+-----------+
    |        Name        | LUT | Input Size| Bits| Total Bits|
    +--------------------+-----+-----------+-----+-----------+
    |U_babay_address0    |   21|          4|    4|         16|
    |U_babay_d0          |   27|          5|   32|        160|
    |ap_NS_fsm           |  137|         30|    1|         30|
    |ap_return           |    9|          2|   32|         64|
    |babay_rho_reg_180   |    9|          2|   32|         64|
    |col2_reg_216        |    9|          2|    4|          8|
    |col_reg_169         |    9|          2|    4|          8|
    |grp_fu_227_opcode   |   15|          3|    2|          6|
    |grp_fu_227_p0       |   27|          5|   32|        160|
    |grp_fu_227_p1       |   15|          3|   32|         96|
    |grp_fu_237_p0       |   21|          4|   32|        128|
    |grp_fu_237_p1       |   21|          4|   32|        128|
    |row1_reg_192        |    9|          2|    4|          8|
    |row_reg_146         |    9|          2|    4|          8|
    |temp_value_reg_204  |    9|          2|   32|         64|
    |tmp_83_reg_157      |    9|          2|   32|         64|
    +--------------------+-----+-----------+-----+-----------+
    |Total               |  356|         74|  311|       1012|
    +--------------------+-----+-----------+-----+-----------+

    * Register: 
    +-----------------------+----+----+-----+-----------+
    |          Name         | FF | LUT| Bits| Const Bits|
    +-----------------------+----+----+-----+-----------+
    |U_babay_addr_reg_536   |   4|   0|    4|          0|
    |U_babay_load_reg_634   |  32|   0|   32|          0|
    |V_Gen_a_load_reg_629   |  32|   0|   32|          0|
    |ap_CS_fsm              |  29|   0|   29|          0|
    |ap_return_preg         |  32|   0|   32|          0|
    |babay_rho_reg_180      |  32|   0|   32|          0|
    |col2_reg_216           |   4|   0|    4|          0|
    |col_5_reg_549          |   4|   0|    4|          0|
    |col_6_reg_604          |   4|   0|    4|          0|
    |col_reg_169            |   4|   0|    4|          0|
    |reg_265                |  32|   0|   32|          0|
    |reg_270                |  32|   0|   32|          0|
    |row1_reg_192           |   4|   0|    4|          0|
    |row_15_reg_531         |   4|   0|    4|          0|
    |row_1_reg_591          |   4|   0|    4|          0|
    |row_reg_146            |   4|   0|    4|          0|
    |temp_value_reg_204     |  32|   0|   32|          0|
    |theta_kk_load_reg_578  |  32|   0|   32|          0|
    |tmp_82_reg_596         |   7|   0|    9|          2|
    |tmp_83_reg_157         |  32|   0|   32|          0|
    |tmp_88_neg_reg_573     |  32|   0|   32|          0|
    |tmp_94_reg_609         |   1|   0|    1|          0|
    |tmp_s_reg_541          |   7|   0|    9|          2|
    +-----------------------+----+----+-----+-----------+
    |Total                  | 400|   0|  404|          4|
    +-----------------------+----+----+-----+-----------+



================================================================
== Interface
================================================================
* Summary: 
+----------------------+-----+-----+------------+--------------+--------------+
|       RTL Ports      | Dir | Bits|  Protocol  | Source Object|    C Type    |
+----------------------+-----+-----+------------+--------------+--------------+
|ap_clk                |  in |    1| ap_ctrl_hs |  guess_babay | return value |
|ap_rst                |  in |    1| ap_ctrl_hs |  guess_babay | return value |
|ap_start              |  in |    1| ap_ctrl_hs |  guess_babay | return value |
|ap_done               | out |    1| ap_ctrl_hs |  guess_babay | return value |
|ap_idle               | out |    1| ap_ctrl_hs |  guess_babay | return value |
|ap_ready              | out |    1| ap_ctrl_hs |  guess_babay | return value |
|ap_return             | out |   32| ap_ctrl_hs |  guess_babay | return value |
|V_Gen_a_address0      | out |    8|  ap_memory |    V_Gen_a   |     array    |
|V_Gen_a_ce0           | out |    1|  ap_memory |    V_Gen_a   |     array    |
|V_Gen_a_q0            |  in |   32|  ap_memory |    V_Gen_a   |     array    |
|H_Hat_Inv_a_address0  | out |    8|  ap_memory |  H_Hat_Inv_a |     array    |
|H_Hat_Inv_a_ce0       | out |    1|  ap_memory |  H_Hat_Inv_a |     array    |
|H_Hat_Inv_a_q0        |  in |   32|  ap_memory |  H_Hat_Inv_a |     array    |
|U_unc_kk_address0     | out |    4|  ap_memory |   U_unc_kk   |     array    |
|U_unc_kk_ce0          | out |    1|  ap_memory |   U_unc_kk   |     array    |
|U_unc_kk_q0           |  in |   32|  ap_memory |   U_unc_kk   |     array    |
|theta_kk_address0     | out |    4|  ap_memory |   theta_kk   |     array    |
|theta_kk_ce0          | out |    1|  ap_memory |   theta_kk   |     array    |
|theta_kk_q0           |  in |   32|  ap_memory |   theta_kk   |     array    |
+----------------------+-----+-----+------------+--------------+--------------+

