

================================================================
== Vivado HLS Report for 'sph_dec'
================================================================
* Date:           Thu Jun 20 17:35:53 2019

* Version:        2018.3 (Build 2405991 on Thu Dec 06 23:56:15 MST 2018)
* Project:        pred_ctrl_sep_array_sep_burst_V02
* Solution:       solution1
* Product family: zynquplus
* Target device:  xczu7ev-ffvc1156-2-e


================================================================
== Performance Estimates
================================================================
+ Timing (ns): 
    * Summary: 
    +--------+-------+----------+------------+
    |  Clock | Target| Estimated| Uncertainty|
    +--------+-------+----------+------------+
    |ap_clk  |  10.00|     8.571|        1.25|
    +--------+-------+----------+------------+

+ Latency (clock cycles): 
    * Summary: 
    +------+------+------+------+---------+
    |   Latency   |   Interval  | Pipeline|
    |  min |  max |  min |  max |   Type  |
    +------+------+------+------+---------+
    |  3841|  5556|  3841|  5556|   none  |
    +------+------+------+------+---------+

    + Detail: 
        * Instance: 
        N/A

        * Loop: 
        +---------------------+------+------+-----------+-----------+-----------+------+----------+
        |                     |   Latency   | Iteration |  Initiation Interval  | Trip |          |
        |      Loop Name      |  min |  max |  Latency  |  achieved |   target  | Count| Pipelined|
        +---------------------+------+------+-----------+-----------+-----------+------+----------+
        |- memset_dist_array  |    11|    11|          1|          -|          -|    12|    no    |
        |- init               |    12|    12|          1|          -|          -|    12|    no    |
        |- sphdec             |  3815|  5530| 109 ~ 158 |          -|          -|    35|    no    |
        | + dist_matmul       |    60|    60|          5|          -|          -|    12|    no    |
        | + U_opt             |    48|    48|          4|          -|          -|    12|    no    |
        | + Backtracking      |    33|    33|          3|          -|          -|    11|    no    |
        +---------------------+------+------+-----------+-----------+-----------+------+----------+



================================================================
== Utilization Estimates
================================================================
* Summary: 
+-----------------+---------+-------+--------+--------+-----+
|       Name      | BRAM_18K| DSP48E|   FF   |   LUT  | URAM|
+-----------------+---------+-------+--------+--------+-----+
|DSP              |        -|      -|       -|       -|    -|
|Expression       |        -|      -|       0|     663|    -|
|FIFO             |        -|      -|       -|       -|    -|
|Instance         |        -|     10|    1385|    1942|    -|
|Memory           |        2|      -|     128|      12|    -|
|Multiplexer      |        -|      -|       -|     472|    -|
|Register         |        -|      -|     573|       -|    -|
+-----------------+---------+-------+--------+--------+-----+
|Total            |        2|     10|    2086|    3089|    0|
+-----------------+---------+-------+--------+--------+-----+
|Available        |      624|   1728|  460800|  230400|   96|
+-----------------+---------+-------+--------+--------+-----+
|Utilization (%)  |    ~0   |   ~0  |   ~0   |       1|    0|
+-----------------+---------+-------+--------+--------+-----+

+ Detail: 
    * Instance: 
    +--------------------------+----------------------+---------+-------+-----+-----+
    |         Instance         |        Module        | BRAM_18K| DSP48E|  FF | LUT |
    +--------------------------+----------------------+---------+-------+-----+-----+
    |predictive_controbkb_U47  |predictive_controbkb  |        0|      2|  227|  214|
    |predictive_controcud_U49  |predictive_controcud  |        0|      3|  128|  135|
    |predictive_controeOg_U51  |predictive_controeOg  |        0|      0|  100|  138|
    |predictive_controlbW_U48  |predictive_controlbW  |        0|      2|  227|  214|
    |predictive_contromb6_U50  |predictive_contromb6  |        0|      0|  128|  341|
    |predictive_controncg_U52  |predictive_controncg  |        0|      3|  445|  782|
    |predictive_controocq_U53  |predictive_controocq  |        0|      0|  130|  118|
    +--------------------------+----------------------+---------+-------+-----+-----+
    |Total                     |                      |        0|     10| 1385| 1942|
    +--------------------------+----------------------+---------+-------+-----+-----+

    * DSP48: 
    N/A

    * Memory: 
    +----------------+----------------------+---------+----+----+------+-----+------+-------------+
    |     Memory     |        Module        | BRAM_18K| FF | LUT| Words| Bits| Banks| W*Bits*Banks|
    +----------------+----------------------+---------+----+----+------+-----+------+-------------+
    |dist_array_U    |guess_edu_u_educaibs  |        0|  64|   6|    12|   32|     1|          384|
    |U_U             |guess_edu_u_educaibs  |        0|  64|   6|    12|   32|     1|          384|
    |switch_point_U  |sph_dec_switch_pokbM  |        2|   0|   0|    12|   32|     1|          384|
    +----------------+----------------------+---------+----+----+------+-----+------+-------------+
    |Total           |                      |        2| 128|  12|    36|   96|     3|         1152|
    +----------------+----------------------+---------+----+----+------+-----+------+-------------+

    * FIFO: 
    N/A

    * Expression: 
    +-----------------------------+----------+-------+---+----+------------+------------+
    |        Variable Name        | Operation| DSP48E| FF| LUT| Bitwidth P0| Bitwidth P1|
    +-----------------------------+----------+-------+---+----+------------+------------+
    |grp_fu_416_p2                |     +    |      0|  0|  12|           4|           2|
    |i_fu_474_p2                  |     +    |      0|  0|  15|           6|           1|
    |ii_1_fu_513_p2               |     +    |      0|  0|  12|           4|           1|
    |indvarinc_fu_430_p2          |     +    |      0|  0|  12|           4|           1|
    |jj_1_fu_716_p2               |     +    |      0|  0|  12|           4|           1|
    |level_1_fu_699_p2            |     +    |      0|  0|  39|          32|           1|
    |ll_1_fu_453_p2               |     +    |      0|  0|  12|           4|           1|
    |switch_point_d1              |     +    |      0|  0|  39|          32|           1|
    |tmp_44_fu_687_p2             |     +    |      0|  0|  39|          32|           1|
    |tmp_49_fu_530_p2             |     +    |      0|  0|  39|          32|          32|
    |tmp_52_fu_732_p2             |     +    |      0|  0|  39|          32|           1|
    |tmp_37_fu_497_p2             |     -    |      0|  0|  39|          32|          32|
    |sel_tmp1_fu_557_p2           |    and   |      0|  0|   2|           1|           1|
    |sel_tmp6_fu_580_p2           |    and   |      0|  0|   2|           1|           1|
    |tmp_65_fu_675_p2             |    and   |      0|  0|   2|           1|           1|
    |tmp_67_fu_681_p2             |    and   |      0|  0|   2|           1|           1|
    |exitcond1_fu_507_p2          |   icmp   |      0|  0|   9|           4|           4|
    |exitcond2_fu_468_p2          |   icmp   |      0|  0|  11|           6|           6|
    |exitcond3_fu_447_p2          |   icmp   |      0|  0|   9|           4|           4|
    |exitcond_fu_710_p2           |   icmp   |      0|  0|   9|           4|           4|
    |icmp_fu_760_p2               |   icmp   |      0|  0|  20|          31|           1|
    |notlhs1_fu_657_p2            |   icmp   |      0|  0|  13|          11|           2|
    |notlhs_fu_639_p2             |   icmp   |      0|  0|  13|          11|           2|
    |notrhs1_fu_663_p2            |   icmp   |      0|  0|  29|          52|           1|
    |notrhs_fu_645_p2             |   icmp   |      0|  0|  29|          52|           1|
    |tmp_43_fu_519_p2             |   icmp   |      0|  0|  20|          32|          32|
    |tmp_45_fu_693_p2             |   icmp   |      0|  0|  20|          32|           4|
    |tmp_47_fu_540_p2             |   icmp   |      0|  0|  20|          32|           1|
    |tmp_51_fu_546_p2             |   icmp   |      0|  0|  20|          32|           2|
    |tmp_57_fu_739_p2             |   icmp   |      0|  0|   9|           4|           1|
    |tmp_s_fu_441_p2              |   icmp   |      0|  0|   9|           4|           4|
    |sel_tmp5_demorgan_fu_570_p2  |    or    |      0|  0|   2|           1|           1|
    |tmp_63_fu_651_p2             |    or    |      0|  0|   2|           1|           1|
    |tmp_64_fu_669_p2             |    or    |      0|  0|   2|           1|           1|
    |dist_matmul_3_fu_593_p3      |  select  |      0|  0|  32|           1|          32|
    |dist_matmul_4_fu_562_p3      |  select  |      0|  0|  32|           1|          32|
    |dist_matmul_5_fu_585_p3      |  select  |      0|  0|  32|           1|          32|
    |sel_tmp5_fu_574_p2           |    xor   |      0|  0|   2|           1|           2|
    |sel_tmp_fu_552_p2            |    xor   |      0|  0|   2|           1|           2|
    +-----------------------------+----------+-------+---+----+------------+------------+
    |Total                        |          |      0|  0| 663|         541|         251|
    +-----------------------------+----------+-------+---+----+------------+------------+

    * Multiplexer: 
    +-------------------------------------+-----+-----------+-----+-----------+
    |                 Name                | LUT | Input Size| Bits| Total Bits|
    +-------------------------------------+-----+-----------+-----+-----------+
    |U_address0                           |   21|          4|    4|         16|
    |ap_NS_fsm                            |  137|         30|    1|         30|
    |ap_phi_mux_level_3_ph_phi_fu_332_p6  |    9|          2|   32|         64|
    |ap_phi_mux_level_4_phi_fu_371_p4     |    9|          2|   32|         64|
    |dist_array_address0                  |   21|          4|    4|         16|
    |dist_array_d0                        |   15|          3|   32|         96|
    |dist_matmul_reg_306                  |    9|          2|   32|         64|
    |grp_fu_379_opcode                    |   15|          3|    2|          6|
    |grp_fu_379_p0                        |   21|          4|   32|        128|
    |grp_fu_379_p1                        |   21|          4|   32|        128|
    |grp_fu_402_p0                        |   15|          3|   32|         96|
    |i1_reg_284                           |    9|          2|    6|         12|
    |ii_reg_295                           |    9|          2|    4|          8|
    |invdar_reg_250                       |    9|          2|    4|          8|
    |jj_reg_318                           |    9|          2|    4|          8|
    |kk_reg_355                           |    9|          2|    4|          8|
    |level_3_ph_reg_329                   |   15|          3|   32|         96|
    |level_3_reg_343                      |    9|          2|   32|         64|
    |level_4_reg_367                      |    9|          2|   32|         64|
    |level_reg_272                        |    9|          2|   32|         64|
    |ll_reg_261                           |    9|          2|    4|          8|
    |p_0_fu_102                           |    9|          2|   32|         64|
    |switch_point_address0                |   38|          7|    4|         28|
    |switch_point_address1                |   15|          3|    4|         12|
    |switch_point_d0                      |   21|          4|   32|        128|
    +-------------------------------------+-----+-----------+-----+-----------+
    |Total                                |  472|         98|  461|       1280|
    +-------------------------------------+-----+-----------+-----+-----------+

    * Register: 
    +-----------------------------+----+----+-----+-----------+
    |             Name            | FF | LUT| Bits| Const Bits|
    +-----------------------------+----+----+-----+-----------+
    |ap_CS_fsm                    |  29|   0|   29|          0|
    |dist_array_load_reg_907      |  32|   0|   32|          0|
    |dist_matmul_reg_306          |  32|   0|   32|          0|
    |i1_reg_284                   |   6|   0|    6|          0|
    |i_reg_818                    |   6|   0|    6|          0|
    |icmp_reg_972                 |   1|   0|    1|          0|
    |ii_1_reg_848                 |   4|   0|    4|          0|
    |ii_reg_295                   |   4|   0|    4|          0|
    |invdar_reg_250               |   4|   0|    4|          0|
    |jj_1_reg_944                 |   4|   0|    4|          0|
    |jj_reg_318                   |   4|   0|    4|          0|
    |kk_reg_355                   |   4|   0|    4|          0|
    |level_2_reg_976              |   4|   0|    4|          0|
    |level_3_ph_reg_329           |  32|   0|   32|          0|
    |level_3_reg_343              |  32|   0|   32|          0|
    |level_4_reg_367              |  32|   0|   32|          0|
    |level_reg_272                |  32|   0|   32|          0|
    |ll_reg_261                   |   4|   0|    4|          0|
    |p_0_fu_102                   |  32|   0|   32|          0|
    |reg_422                      |  32|   0|   32|          0|
    |switch_point_addr_2_reg_830  |   4|   0|    4|          0|
    |switch_point_addr_3_reg_967  |   4|   0|    4|          0|
    |switch_point_addr_4_reg_981  |   4|   0|    4|          0|
    |switch_point_load_reg_835    |  32|   0|   32|          0|
    |tmp_36_reg_823               |  64|   0|   64|          0|
    |tmp_37_reg_840               |  30|   0|   32|          2|
    |tmp_38_reg_912               |  32|   0|   32|          0|
    |tmp_41_reg_922               |  64|   0|   64|          0|
    |tmp_43_reg_853               |   1|   0|    1|          0|
    |tmp_45_reg_932               |   1|   0|    1|          0|
    |tmp_47_reg_880               |   1|   0|    1|          0|
    |tmp_51_reg_892               |   1|   0|    1|          0|
    |tmp_55_reg_949               |   4|   0|   64|         60|
    |tmp_67_reg_928               |   1|   0|    1|          0|
    +-----------------------------+----+----+-----+-----------+
    |Total                        | 573|   0|  635|         62|
    +-----------------------------+----+----+-----+-----------+



================================================================
== Interface
================================================================
* Summary: 
+------------------+-----+-----+------------+--------------+--------------+
|     RTL Ports    | Dir | Bits|  Protocol  | Source Object|    C Type    |
+------------------+-----+-----+------------+--------------+--------------+
|ap_clk            |  in |    1| ap_ctrl_hs |    sph_dec   | return value |
|ap_rst            |  in |    1| ap_ctrl_hs |    sph_dec   | return value |
|ap_start          |  in |    1| ap_ctrl_hs |    sph_dec   | return value |
|ap_done           | out |    1| ap_ctrl_hs |    sph_dec   | return value |
|ap_idle           | out |    1| ap_ctrl_hs |    sph_dec   | return value |
|ap_ready          | out |    1| ap_ctrl_hs |    sph_dec   | return value |
|V_Gen_a_address0  | out |    8|  ap_memory |    V_Gen_a   |     array    |
|V_Gen_a_ce0       | out |    1|  ap_memory |    V_Gen_a   |     array    |
|V_Gen_a_q0        |  in |   32|  ap_memory |    V_Gen_a   |     array    |
|roh               |  in |   32|   ap_none  |      roh     |    scalar    |
|U_unc_address0    | out |    4|  ap_memory |     U_unc    |     array    |
|U_unc_ce0         | out |    1|  ap_memory |     U_unc    |     array    |
|U_unc_q0          |  in |   32|  ap_memory |     U_unc    |     array    |
|U_opt_address0    | out |    4|  ap_memory |     U_opt    |     array    |
|U_opt_ce0         | out |    1|  ap_memory |     U_opt    |     array    |
|U_opt_we0         | out |    1|  ap_memory |     U_opt    |     array    |
|U_opt_d0          | out |   32|  ap_memory |     U_opt    |     array    |
+------------------+-----+-----+------------+--------------+--------------+

